2023-05-15 00:05:204 INFO  GearPage :82 - Mouse hover on Over gear Menu : [[ChromeDriver: chrome on WINDOWS (53c3a4136421ea10a2a15472bfb6c20c)] -> xpath: //span[normalize-space()='Gear']]
2023-05-15 00:05:385 INFO  GearPage :88 - Mouse hover on Over gear and click : [[ChromeDriver: chrome on WINDOWS (53c3a4136421ea10a2a15472bfb6c20c)] -> xpath: //span[normalize-space()='Gear']]
2023-05-15 00:05:337 INFO  GearPage :23 - Click on Over night duffele : [[ChromeDriver: chrome on WINDOWS (53c3a4136421ea10a2a15472bfb6c20c)] -> xpath: //a[normalize-space()='Overnight Duffle']]
2023-05-15 00:05:109 INFO  OvernightDufflePage :44 - Sent quantity to quantity box : [[ChromeDriver: chrome on WINDOWS (53c3a4136421ea10a2a15472bfb6c20c)] -> xpath: //input[@id='qty']]
2023-05-15 00:05:216 INFO  OvernightDufflePage :50 - Click on add to cart : [[ChromeDriver: chrome on WINDOWS (53c3a4136421ea10a2a15472bfb6c20c)] -> xpath: //button[@id='product-addtocart-button']]
2023-05-15 00:05:819 INFO  OvernightDufflePage :56 - Get added to cart message : [[ChromeDriver: chrome on WINDOWS (53c3a4136421ea10a2a15472bfb6c20c)] -> xpath: //div[@data-bind='html: $parent.prepareMessageForHtml(message.text)']]
2023-05-15 00:05:866 INFO  OvernightDufflePage :62 - Click on shopping cart : [[ChromeDriver: chrome on WINDOWS (53c3a4136421ea10a2a15472bfb6c20c)] -> xpath: //a[normalize-space()='shopping cart']]
2023-05-15 00:05:483 INFO  ShoppingCartPage :53 - Get product name text : [[ChromeDriver: chrome on WINDOWS (53c3a4136421ea10a2a15472bfb6c20c)] -> xpath: //td[@class='col item']//a[normalize-space()='Overnight Duffle']]
2023-05-15 00:05:512 INFO  ShoppingCartPage :59 - Get input quantity : By.xpath: //input[@title='Qty']
2023-05-15 00:05:576 INFO  ShoppingCartPage :65 - Get product price : [[ChromeDriver: chrome on WINDOWS (53c3a4136421ea10a2a15472bfb6c20c)] -> xpath: (//span[@class='cart-price']//span)[2]]
2023-05-15 00:05:624 INFO  ShoppingCartPage :71 - Update quantity box : [[ChromeDriver: chrome on WINDOWS (53c3a4136421ea10a2a15472bfb6c20c)] -> xpath: (//input[@class='input-text qty'])[1]]
2023-05-15 00:05:718 INFO  ShoppingCartPage :77 - Click on shopping cart button : [[ChromeDriver: chrome on WINDOWS (53c3a4136421ea10a2a15472bfb6c20c)] -> xpath: //span[normalize-space()='Update Shopping Cart']]
2023-05-15 00:05:798 INFO  ShoppingCartPage :83 - Get updated product price : [[ChromeDriver: chrome on WINDOWS (53c3a4136421ea10a2a15472bfb6c20c)] -> xpath: (//span[@class='cart-price']//span)[2]]
2023-05-15 00:05:673 INFO  GearPage :63 - Mouse hover on Over men menu : [[ChromeDriver: chrome on WINDOWS (036cbc01c586bc45f52c215b580f9179)] -> xpath: //span[normalize-space()='Men']]
2023-05-15 00:05:831 INFO  GearPage :69 - Mouse hover on Over men Bottoms : [[ChromeDriver: chrome on WINDOWS (036cbc01c586bc45f52c215b580f9179)] -> xpath: //a[@id='ui-id-18']]
2023-05-15 00:05:982 INFO  GearPage :75 - Mouse hover on Over men pants and click : [[ChromeDriver: chrome on WINDOWS (036cbc01c586bc45f52c215b580f9179)] -> xpath: //a[@id='ui-id-23']//span[contains(text(),'Pants')]]
2023-05-15 00:05:75 INFO  MenPage :38 - Mouse hover on Over Coronus yoga pants and click on 32 : [[ChromeDriver: chrome on WINDOWS (036cbc01c586bc45f52c215b580f9179)] -> xpath: (//div[@class='swatch-option text'])[1]]
2023-05-15 00:05:388 INFO  MenPage :45 - Mouse hover on Over Coronus yoga pants and click on Black : [[ChromeDriver: chrome on WINDOWS (036cbc01c586bc45f52c215b580f9179)] -> xpath: (//div[@class='swatch-option color'])[1]]
2023-05-15 00:05:709 INFO  MenPage :52 - Mouse hover on Over Coronus yoga pants and click on addToCart : [[ChromeDriver: chrome on WINDOWS (036cbc01c586bc45f52c215b580f9179)] -> xpath: (//span[contains(text(),'Add to Cart')])[1]]
2023-05-15 00:05:303 INFO  MenPage :59 - Get added to cart message : [[ChromeDriver: chrome on WINDOWS (036cbc01c586bc45f52c215b580f9179)] -> xpath: //div[@data-bind='html: $parent.prepareMessageForHtml(message.text)']]
2023-05-15 00:05:335 INFO  MenPage :64 - Click on shopping cart : [[ChromeDriver: chrome on WINDOWS (036cbc01c586bc45f52c215b580f9179)] -> xpath: //a[normalize-space()='shopping cart']]
2023-05-15 00:05:899 INFO  ShoppingCartPage :89 - Get shopping cart text : [[ChromeDriver: chrome on WINDOWS (036cbc01c586bc45f52c215b580f9179)] -> xpath: //span[@class='base']]
2023-05-15 00:05:921 INFO  ShoppingCartPage :94 - Get Coronus yoga pant : [[ChromeDriver: chrome on WINDOWS (036cbc01c586bc45f52c215b580f9179)] -> xpath: //td[@class='col item']//a[normalize-space()='Cronus Yoga Pant']]
2023-05-15 00:05:947 INFO  ShoppingCartPage :99 - Get text of the size : [[ChromeDriver: chrome on WINDOWS (036cbc01c586bc45f52c215b580f9179)] -> xpath: //dd[contains(text(),'32')]]
2023-05-15 00:05:970 INFO  ShoppingCartPage :104 - Get colour black text : [[ChromeDriver: chrome on WINDOWS (036cbc01c586bc45f52c215b580f9179)] -> xpath: //dd[contains(text(),'Black')]]
2023-05-15 00:05:08 INFO  GearPage :45 - Mouse hover on Over women menu : [[ChromeDriver: chrome on WINDOWS (86da6882212d0998286ab3369f0965ea)] -> xpath: //span[normalize-space()='Women']]
2023-05-15 00:05:178 INFO  GearPage :51 - Mouse hover on Over women tops : [[ChromeDriver: chrome on WINDOWS (86da6882212d0998286ab3369f0965ea)] -> xpath: //a[@id='ui-id-9']//span[contains(text(),'Tops')]]
2023-05-15 00:05:334 INFO  GearPage :57 - Mouse hover on Over women jackets and click : [[ChromeDriver: chrome on WINDOWS (86da6882212d0998286ab3369f0965ea)] -> xpath: //a[@id='ui-id-11']//span[contains(text(),'Jackets')]]
2023-05-15 00:05:466 INFO  WomenPage :61 - Select sort by product name : [[ChromeDriver: chrome on WINDOWS (86da6882212d0998286ab3369f0965ea)] -> xpath: (//select[@id='sorter'])[1]]
2023-05-15 00:05:763 INFO  GearPage :45 - Mouse hover on Over women menu : [[ChromeDriver: chrome on WINDOWS (cdab4c7270ca843e4f17feccb31ca1d5)] -> xpath: //span[normalize-space()='Women']]
2023-05-15 00:05:937 INFO  GearPage :51 - Mouse hover on Over women tops : [[ChromeDriver: chrome on WINDOWS (cdab4c7270ca843e4f17feccb31ca1d5)] -> xpath: //a[@id='ui-id-9']//span[contains(text(),'Tops')]]
2023-05-15 00:05:89 INFO  GearPage :57 - Mouse hover on Over women jackets and click : [[ChromeDriver: chrome on WINDOWS (cdab4c7270ca843e4f17feccb31ca1d5)] -> xpath: //a[@id='ui-id-11']//span[contains(text(),'Jackets')]]
2023-05-15 00:05:174 INFO  WomenPage :92 - Select sort by product price : [[ChromeDriver: chrome on WINDOWS (cdab4c7270ca843e4f17feccb31ca1d5)] -> xpath: (//select[@id='sorter'])[1]]
